<?xml version="1.0" encoding="UTF-8"?>
<testsuite name="guru.springframework.services.IngredientServiceImplTest" tests="4" skipped="0" failures="0" errors="0" timestamp="2023-05-27T17:58:50" hostname="Jamess-MacBook-Pro-3.local" time="0.007">
  <properties/>
  <testcase name="findByRecipeIdAndReceipeIdHappyPath" classname="guru.springframework.services.IngredientServiceImplTest" time="0.003"/>
  <testcase name="findByRecipeIdAndId" classname="guru.springframework.services.IngredientServiceImplTest" time="0.001"/>
  <testcase name="testDeleteById" classname="guru.springframework.services.IngredientServiceImplTest" time="0.001"/>
  <testcase name="testSaveRecipeCommand" classname="guru.springframework.services.IngredientServiceImplTest" time="0.002"/>
  <system-out><![CDATA[18:58:50.634 [Test worker] DEBUG guru.springframework.services.IngredientServiceImpl - Deleting ingredient: 1:3
18:58:50.635 [Test worker] DEBUG guru.springframework.services.IngredientServiceImpl - found recipe
18:58:50.635 [Test worker] DEBUG guru.springframework.services.IngredientServiceImpl - found Ingredient
]]></system-out>
  <system-err><![CDATA[]]></system-err>
</testsuite>
