<?xml version="1.0" encoding="UTF-8"?>
<testsuite name="guru.springframework.domain.CategoryTest" tests="3" skipped="0" failures="0" errors="0" timestamp="2023-05-27T17:58:50" hostname="Jamess-MacBook-Pro-3.local" time="0.0">
  <properties/>
  <testcase name="getId" classname="guru.springframework.domain.CategoryTest" time="0.0"/>
  <testcase name="getDescription" classname="guru.springframework.domain.CategoryTest" time="0.0"/>
  <testcase name="getRecipes" classname="guru.springframework.domain.CategoryTest" time="0.0"/>
  <system-out><![CDATA[]]></system-out>
  <system-err><![CDATA[]]></system-err>
</testsuite>
