<?xml version="1.0" encoding="UTF-8"?>
<testsuite name="guru.springframework.services.RecipeServiceIT" tests="1" skipped="1" failures="0" errors="0" timestamp="2023-05-27T17:58:50" hostname="Jamess-MacBook-Pro-3.local" time="0.0">
  <properties/>
  <testcase name="testSaveOfDescription" classname="guru.springframework.services.RecipeServiceIT" time="0.0">
    <skipped/>
  </testcase>
  <system-out><![CDATA[18:58:50.428 [Test worker] DEBUG org.springframework.test.context.junit4.SpringJUnit4ClassRunner - SpringJUnit4ClassRunner constructor called with [class guru.springframework.services.RecipeServiceIT]
18:58:50.430 [Test worker] DEBUG org.springframework.test.context.BootstrapUtils - Instantiating CacheAwareContextLoaderDelegate from class [org.springframework.test.context.cache.DefaultCacheAwareContextLoaderDelegate]
18:58:50.430 [Test worker] DEBUG org.springframework.test.context.BootstrapUtils - Instantiating BootstrapContext using constructor [public org.springframework.test.context.support.DefaultBootstrapContext(java.lang.Class,org.springframework.test.context.CacheAwareContextLoaderDelegate)]
18:58:50.431 [Test worker] DEBUG org.springframework.test.context.BootstrapUtils - Instantiating TestContextBootstrapper for test class [guru.springframework.services.RecipeServiceIT] from class [org.springframework.boot.test.context.SpringBootTestContextBootstrapper]
18:58:50.431 [Test worker] INFO org.springframework.boot.test.context.SpringBootTestContextBootstrapper - Neither @ContextConfiguration nor @ContextHierarchy found for test class [guru.springframework.services.RecipeServiceIT], using SpringBootContextLoader
18:58:50.432 [Test worker] DEBUG org.springframework.test.context.support.AbstractContextLoader - Did not detect default resource location for test class [guru.springframework.services.RecipeServiceIT]: class path resource [guru/springframework/services/RecipeServiceIT-context.xml] does not exist
18:58:50.433 [Test worker] DEBUG org.springframework.test.context.support.AbstractContextLoader - Did not detect default resource location for test class [guru.springframework.services.RecipeServiceIT]: class path resource [guru/springframework/services/RecipeServiceITContext.groovy] does not exist
18:58:50.433 [Test worker] INFO org.springframework.test.context.support.AbstractContextLoader - Could not detect default resource locations for test class [guru.springframework.services.RecipeServiceIT]: no resource found for suffixes {-context.xml, Context.groovy}.
18:58:50.433 [Test worker] INFO org.springframework.test.context.support.AnnotationConfigContextLoaderUtils - Could not detect default configuration classes for test class [guru.springframework.services.RecipeServiceIT]: RecipeServiceIT does not declare any static, non-private, non-final, nested classes annotated with @Configuration.
18:58:50.434 [Test worker] DEBUG org.springframework.test.context.support.ActiveProfilesUtils - Could not find an 'annotation declaring class' for annotation type [org.springframework.test.context.ActiveProfiles] and class [guru.springframework.services.RecipeServiceIT]
18:58:50.476 [Test worker] DEBUG org.springframework.context.annotation.ClassPathScanningCandidateComponentProvider - Identified candidate component class: file [/Users/jamessmith/Projects/upskill/training/spring/content/19-spring-data-mongodb/exercises/recipes-mongo/build/classes/java/main/guru/springframework/Spring5MongoRecipeAppApplication.class]
18:58:50.476 [Test worker] INFO org.springframework.boot.test.context.SpringBootTestContextBootstrapper - Found @SpringBootConfiguration guru.springframework.Spring5MongoRecipeAppApplication for test class guru.springframework.services.RecipeServiceIT
18:58:50.481 [Test worker] DEBUG org.springframework.boot.test.context.SpringBootTestContextBootstrapper - @TestExecutionListeners is not present for class [guru.springframework.services.RecipeServiceIT]: using defaults.
18:58:50.481 [Test worker] INFO org.springframework.boot.test.context.SpringBootTestContextBootstrapper - Loaded default TestExecutionListener class names from location [META-INF/spring.factories]: [org.springframework.boot.test.autoconfigure.restdocs.RestDocsTestExecutionListener, org.springframework.boot.test.autoconfigure.web.client.MockRestServiceServerResetTestExecutionListener, org.springframework.boot.test.autoconfigure.web.servlet.MockMvcPrintOnlyOnFailureTestExecutionListener, org.springframework.boot.test.autoconfigure.web.servlet.WebDriverTestExecutionListener, org.springframework.boot.test.mock.mockito.MockitoTestExecutionListener, org.springframework.boot.test.mock.mockito.ResetMocksTestExecutionListener, org.springframework.test.context.web.ServletTestExecutionListener, org.springframework.test.context.support.DirtiesContextBeforeModesTestExecutionListener, org.springframework.test.context.support.DependencyInjectionTestExecutionListener, org.springframework.test.context.support.DirtiesContextTestExecutionListener, org.springframework.test.context.transaction.TransactionalTestExecutionListener, org.springframework.test.context.jdbc.SqlScriptsTestExecutionListener]
18:58:50.482 [Test worker] INFO org.springframework.boot.test.context.SpringBootTestContextBootstrapper - Using TestExecutionListeners: [org.springframework.test.context.web.ServletTestExecutionListener@38108a8e, org.springframework.test.context.support.DirtiesContextBeforeModesTestExecutionListener@2b9b1d6d, org.springframework.boot.test.mock.mockito.MockitoTestExecutionListener@9d2f621, org.springframework.boot.test.autoconfigure.SpringBootDependencyInjectionTestExecutionListener@28c412e5, org.springframework.test.context.support.DirtiesContextTestExecutionListener@14bca989, org.springframework.test.context.transaction.TransactionalTestExecutionListener@67bfae06, org.springframework.test.context.jdbc.SqlScriptsTestExecutionListener@79423f2e, org.springframework.boot.test.autoconfigure.restdocs.RestDocsTestExecutionListener@711949d9, org.springframework.boot.test.autoconfigure.web.client.MockRestServiceServerResetTestExecutionListener@184692, org.springframework.boot.test.autoconfigure.web.servlet.MockMvcPrintOnlyOnFailureTestExecutionListener@1a4d1709, org.springframework.boot.test.autoconfigure.web.servlet.WebDriverTestExecutionListener@721ef021, org.springframework.boot.test.mock.mockito.ResetMocksTestExecutionListener@4972283a]
18:58:50.482 [Test worker] DEBUG org.springframework.test.annotation.ProfileValueUtils - Retrieved @ProfileValueSourceConfiguration [null] for test class [guru.springframework.services.RecipeServiceIT]
18:58:50.482 [Test worker] DEBUG org.springframework.test.annotation.ProfileValueUtils - Retrieved ProfileValueSource type [class org.springframework.test.annotation.SystemProfileValueSource] for class [guru.springframework.services.RecipeServiceIT]
]]></system-out>
  <system-err><![CDATA[]]></system-err>
</testsuite>
