<?xml version="1.0" encoding="UTF-8"?>
<testsuite name="guru.springframework.Spring5RecipeAppApplicationTests" tests="1" skipped="1" failures="0" errors="0" timestamp="2023-05-27T17:58:47" hostname="Jamess-MacBook-Pro-3.local" time="0.0">
  <properties/>
  <testcase name="contextLoads" classname="guru.springframework.Spring5RecipeAppApplicationTests" time="0.0">
    <skipped/>
  </testcase>
  <system-out><![CDATA[18:58:47.073 [Test worker] DEBUG org.springframework.test.context.junit4.SpringJUnit4ClassRunner - SpringJUnit4ClassRunner constructor called with [class guru.springframework.Spring5RecipeAppApplicationTests]
18:58:47.090 [Test worker] DEBUG org.springframework.test.context.BootstrapUtils - Instantiating CacheAwareContextLoaderDelegate from class [org.springframework.test.context.cache.DefaultCacheAwareContextLoaderDelegate]
18:58:47.100 [Test worker] DEBUG org.springframework.test.context.BootstrapUtils - Instantiating BootstrapContext using constructor [public org.springframework.test.context.support.DefaultBootstrapContext(java.lang.Class,org.springframework.test.context.CacheAwareContextLoaderDelegate)]
18:58:47.142 [Test worker] DEBUG org.springframework.test.context.BootstrapUtils - Instantiating TestContextBootstrapper for test class [guru.springframework.Spring5RecipeAppApplicationTests] from class [org.springframework.boot.test.context.SpringBootTestContextBootstrapper]
18:58:47.182 [Test worker] INFO org.springframework.boot.test.context.SpringBootTestContextBootstrapper - Neither @ContextConfiguration nor @ContextHierarchy found for test class [guru.springframework.Spring5RecipeAppApplicationTests], using SpringBootContextLoader
18:58:47.193 [Test worker] DEBUG org.springframework.test.context.support.AbstractContextLoader - Did not detect default resource location for test class [guru.springframework.Spring5RecipeAppApplicationTests]: class path resource [guru/springframework/Spring5RecipeAppApplicationTests-context.xml] does not exist
18:58:47.195 [Test worker] DEBUG org.springframework.test.context.support.AbstractContextLoader - Did not detect default resource location for test class [guru.springframework.Spring5RecipeAppApplicationTests]: class path resource [guru/springframework/Spring5RecipeAppApplicationTestsContext.groovy] does not exist
18:58:47.197 [Test worker] INFO org.springframework.test.context.support.AbstractContextLoader - Could not detect default resource locations for test class [guru.springframework.Spring5RecipeAppApplicationTests]: no resource found for suffixes {-context.xml, Context.groovy}.
18:58:47.202 [Test worker] INFO org.springframework.test.context.support.AnnotationConfigContextLoaderUtils - Could not detect default configuration classes for test class [guru.springframework.Spring5RecipeAppApplicationTests]: Spring5RecipeAppApplicationTests does not declare any static, non-private, non-final, nested classes annotated with @Configuration.
18:58:47.332 [Test worker] DEBUG org.springframework.test.context.support.ActiveProfilesUtils - Could not find an 'annotation declaring class' for annotation type [org.springframework.test.context.ActiveProfiles] and class [guru.springframework.Spring5RecipeAppApplicationTests]
18:58:47.461 [Test worker] DEBUG org.springframework.context.annotation.ClassPathScanningCandidateComponentProvider - Identified candidate component class: file [/Users/jamessmith/Projects/upskill/training/spring/content/19-spring-data-mongodb/exercises/recipes-mongo/build/classes/java/main/guru/springframework/Spring5MongoRecipeAppApplication.class]
18:58:47.464 [Test worker] INFO org.springframework.boot.test.context.SpringBootTestContextBootstrapper - Found @SpringBootConfiguration guru.springframework.Spring5MongoRecipeAppApplication for test class guru.springframework.Spring5RecipeAppApplicationTests
18:58:47.577 [Test worker] DEBUG org.springframework.boot.test.context.SpringBootTestContextBootstrapper - @TestExecutionListeners is not present for class [guru.springframework.Spring5RecipeAppApplicationTests]: using defaults.
18:58:47.578 [Test worker] INFO org.springframework.boot.test.context.SpringBootTestContextBootstrapper - Loaded default TestExecutionListener class names from location [META-INF/spring.factories]: [org.springframework.boot.test.autoconfigure.restdocs.RestDocsTestExecutionListener, org.springframework.boot.test.autoconfigure.web.client.MockRestServiceServerResetTestExecutionListener, org.springframework.boot.test.autoconfigure.web.servlet.MockMvcPrintOnlyOnFailureTestExecutionListener, org.springframework.boot.test.autoconfigure.web.servlet.WebDriverTestExecutionListener, org.springframework.boot.test.mock.mockito.MockitoTestExecutionListener, org.springframework.boot.test.mock.mockito.ResetMocksTestExecutionListener, org.springframework.test.context.web.ServletTestExecutionListener, org.springframework.test.context.support.DirtiesContextBeforeModesTestExecutionListener, org.springframework.test.context.support.DependencyInjectionTestExecutionListener, org.springframework.test.context.support.DirtiesContextTestExecutionListener, org.springframework.test.context.transaction.TransactionalTestExecutionListener, org.springframework.test.context.jdbc.SqlScriptsTestExecutionListener]
18:58:47.595 [Test worker] INFO org.springframework.boot.test.context.SpringBootTestContextBootstrapper - Using TestExecutionListeners: [org.springframework.test.context.web.ServletTestExecutionListener@25d31a94, org.springframework.test.context.support.DirtiesContextBeforeModesTestExecutionListener@6f61af93, org.springframework.boot.test.mock.mockito.MockitoTestExecutionListener@ffb2e9c, org.springframework.boot.test.autoconfigure.SpringBootDependencyInjectionTestExecutionListener@522ce65, org.springframework.test.context.support.DirtiesContextTestExecutionListener@381863ef, org.springframework.test.context.transaction.TransactionalTestExecutionListener@5a675e48, org.springframework.test.context.jdbc.SqlScriptsTestExecutionListener@cbe0456, org.springframework.boot.test.autoconfigure.restdocs.RestDocsTestExecutionListener@1f7ca242, org.springframework.boot.test.autoconfigure.web.client.MockRestServiceServerResetTestExecutionListener@6400bd59, org.springframework.boot.test.autoconfigure.web.servlet.MockMvcPrintOnlyOnFailureTestExecutionListener@4753a8f, org.springframework.boot.test.autoconfigure.web.servlet.WebDriverTestExecutionListener@789502e3, org.springframework.boot.test.mock.mockito.ResetMocksTestExecutionListener@201c101]
18:58:47.597 [Test worker] DEBUG org.springframework.test.annotation.ProfileValueUtils - Retrieved @ProfileValueSourceConfiguration [null] for test class [guru.springframework.Spring5RecipeAppApplicationTests]
18:58:47.598 [Test worker] DEBUG org.springframework.test.annotation.ProfileValueUtils - Retrieved ProfileValueSource type [class org.springframework.test.annotation.SystemProfileValueSource] for class [guru.springframework.Spring5RecipeAppApplicationTests]
]]></system-out>
  <system-err><![CDATA[]]></system-err>
</testsuite>
