<?xml version="1.0" encoding="UTF-8"?>
<testsuite name="guru.springframework.spring5webfluxrest.Spring5WebfluxRestApplicationTests" tests="1" skipped="0" failures="0" errors="0" timestamp="2023-08-14T16:31:25" hostname="Jamess-MacBook-Pro-3.local" time="0.285">
  <properties/>
  <testcase name="contextLoads" classname="guru.springframework.spring5webfluxrest.Spring5WebfluxRestApplicationTests" time="0.285"/>
  <system-out><![CDATA[17:31:18.279 [Test worker] DEBUG org.springframework.test.context.junit4.SpringJUnit4ClassRunner - SpringJUnit4ClassRunner constructor called with [class guru.springframework.spring5webfluxrest.Spring5WebfluxRestApplicationTests]
17:31:18.292 [Test worker] DEBUG org.springframework.test.context.BootstrapUtils - Instantiating CacheAwareContextLoaderDelegate from class [org.springframework.test.context.cache.DefaultCacheAwareContextLoaderDelegate]
17:31:18.303 [Test worker] DEBUG org.springframework.test.context.BootstrapUtils - Instantiating BootstrapContext using constructor [public org.springframework.test.context.support.DefaultBootstrapContext(java.lang.Class,org.springframework.test.context.CacheAwareContextLoaderDelegate)]
17:31:18.329 [Test worker] DEBUG org.springframework.test.context.BootstrapUtils - Instantiating TestContextBootstrapper for test class [guru.springframework.spring5webfluxrest.Spring5WebfluxRestApplicationTests] from class [org.springframework.boot.test.context.SpringBootTestContextBootstrapper]
17:31:18.345 [Test worker] INFO org.springframework.boot.test.context.SpringBootTestContextBootstrapper - Neither @ContextConfiguration nor @ContextHierarchy found for test class [guru.springframework.spring5webfluxrest.Spring5WebfluxRestApplicationTests], using SpringBootContextLoader
17:31:18.348 [Test worker] DEBUG org.springframework.test.context.support.AbstractContextLoader - Did not detect default resource location for test class [guru.springframework.spring5webfluxrest.Spring5WebfluxRestApplicationTests]: class path resource [guru/springframework/spring5webfluxrest/Spring5WebfluxRestApplicationTests-context.xml] does not exist
17:31:18.349 [Test worker] DEBUG org.springframework.test.context.support.AbstractContextLoader - Did not detect default resource location for test class [guru.springframework.spring5webfluxrest.Spring5WebfluxRestApplicationTests]: class path resource [guru/springframework/spring5webfluxrest/Spring5WebfluxRestApplicationTestsContext.groovy] does not exist
17:31:18.349 [Test worker] INFO org.springframework.test.context.support.AbstractContextLoader - Could not detect default resource locations for test class [guru.springframework.spring5webfluxrest.Spring5WebfluxRestApplicationTests]: no resource found for suffixes {-context.xml, Context.groovy}.
17:31:18.350 [Test worker] INFO org.springframework.test.context.support.AnnotationConfigContextLoaderUtils - Could not detect default configuration classes for test class [guru.springframework.spring5webfluxrest.Spring5WebfluxRestApplicationTests]: Spring5WebfluxRestApplicationTests does not declare any static, non-private, non-final, nested classes annotated with @Configuration.
17:31:18.392 [Test worker] DEBUG org.springframework.test.context.support.ActiveProfilesUtils - Could not find an 'annotation declaring class' for annotation type [org.springframework.test.context.ActiveProfiles] and class [guru.springframework.spring5webfluxrest.Spring5WebfluxRestApplicationTests]
17:31:18.476 [Test worker] DEBUG org.springframework.context.annotation.ClassPathScanningCandidateComponentProvider - Identified candidate component class: file [/Users/jamessmith/Projects/upskill/training/spring/content/26-restful-spring-webflux/exercises/spring5-webflux-rest/build/classes/java/main/guru/springframework/spring5webfluxrest/Spring5WebfluxRestApplication.class]
17:31:18.481 [Test worker] INFO org.springframework.boot.test.context.SpringBootTestContextBootstrapper - Found @SpringBootConfiguration guru.springframework.spring5webfluxrest.Spring5WebfluxRestApplication for test class guru.springframework.spring5webfluxrest.Spring5WebfluxRestApplicationTests
17:31:18.582 [Test worker] DEBUG org.springframework.boot.test.context.SpringBootTestContextBootstrapper - @TestExecutionListeners is not present for class [guru.springframework.spring5webfluxrest.Spring5WebfluxRestApplicationTests]: using defaults.
17:31:18.584 [Test worker] INFO org.springframework.boot.test.context.SpringBootTestContextBootstrapper - Loaded default TestExecutionListener class names from location [META-INF/spring.factories]: [org.springframework.boot.test.autoconfigure.restdocs.RestDocsTestExecutionListener, org.springframework.boot.test.autoconfigure.web.client.MockRestServiceServerResetTestExecutionListener, org.springframework.boot.test.autoconfigure.web.servlet.MockMvcPrintOnlyOnFailureTestExecutionListener, org.springframework.boot.test.autoconfigure.web.servlet.WebDriverTestExecutionListener, org.springframework.boot.test.mock.mockito.MockitoTestExecutionListener, org.springframework.boot.test.mock.mockito.ResetMocksTestExecutionListener, org.springframework.test.context.web.ServletTestExecutionListener, org.springframework.test.context.support.DirtiesContextBeforeModesTestExecutionListener, org.springframework.test.context.support.DependencyInjectionTestExecutionListener, org.springframework.test.context.support.DirtiesContextTestExecutionListener, org.springframework.test.context.transaction.TransactionalTestExecutionListener, org.springframework.test.context.jdbc.SqlScriptsTestExecutionListener]
17:31:18.595 [Test worker] DEBUG org.springframework.boot.test.context.SpringBootTestContextBootstrapper - Skipping candidate TestExecutionListener [org.springframework.test.context.web.ServletTestExecutionListener] due to a missing dependency. Specify custom listener classes or make the default listener classes and their required dependencies available. Offending class: [javax/servlet/ServletContext]
17:31:18.602 [Test worker] INFO org.springframework.boot.test.context.SpringBootTestContextBootstrapper - Using TestExecutionListeners: [org.springframework.test.context.support.DirtiesContextBeforeModesTestExecutionListener@6020f66c, org.springframework.boot.test.mock.mockito.MockitoTestExecutionListener@3cf6a18c, org.springframework.boot.test.autoconfigure.SpringBootDependencyInjectionTestExecutionListener@6a22a77b, org.springframework.test.context.support.DirtiesContextTestExecutionListener@61aa8802, org.springframework.test.context.transaction.TransactionalTestExecutionListener@6de91cd, org.springframework.test.context.jdbc.SqlScriptsTestExecutionListener@f2daa5b, org.springframework.boot.test.autoconfigure.restdocs.RestDocsTestExecutionListener@704bcdba, org.springframework.boot.test.autoconfigure.web.client.MockRestServiceServerResetTestExecutionListener@4514b129, org.springframework.boot.test.autoconfigure.web.servlet.MockMvcPrintOnlyOnFailureTestExecutionListener@37b600bf, org.springframework.boot.test.autoconfigure.web.servlet.WebDriverTestExecutionListener@55ab0b60, org.springframework.boot.test.mock.mockito.ResetMocksTestExecutionListener@7ba33a72]
17:31:18.607 [Test worker] DEBUG org.springframework.test.annotation.ProfileValueUtils - Retrieved @ProfileValueSourceConfiguration [null] for test class [guru.springframework.spring5webfluxrest.Spring5WebfluxRestApplicationTests]
17:31:18.608 [Test worker] DEBUG org.springframework.test.annotation.ProfileValueUtils - Retrieved ProfileValueSource type [class org.springframework.test.annotation.SystemProfileValueSource] for class [guru.springframework.spring5webfluxrest.Spring5WebfluxRestApplicationTests]
17:31:18.610 [Test worker] DEBUG org.springframework.test.annotation.ProfileValueUtils - Retrieved @ProfileValueSourceConfiguration [null] for test class [guru.springframework.spring5webfluxrest.Spring5WebfluxRestApplicationTests]
17:31:18.610 [Test worker] DEBUG org.springframework.test.annotation.ProfileValueUtils - Retrieved ProfileValueSource type [class org.springframework.test.annotation.SystemProfileValueSource] for class [guru.springframework.spring5webfluxrest.Spring5WebfluxRestApplicationTests]
17:31:18.635 [Test worker] DEBUG org.springframework.test.context.support.AbstractDirtiesContextTestExecutionListener - Before test class: context [DefaultTestContext@6ab87856 testClass = Spring5WebfluxRestApplicationTests, testInstance = [null], testMethod = [null], testException = [null], mergedContextConfiguration = [ReactiveWebMergedContextConfiguration@a7d4eff testClass = Spring5WebfluxRestApplicationTests, locations = '{}', classes = '{class guru.springframework.spring5webfluxrest.Spring5WebfluxRestApplication}', contextInitializerClasses = '[]', activeProfiles = '{}', propertySourceLocations = '{}', propertySourceProperties = '{org.springframework.boot.test.context.SpringBootTestContextBootstrapper=true}', contextCustomizers = set[org.springframework.boot.test.autoconfigure.properties.PropertyMappingContextCustomizer@0, org.springframework.boot.test.autoconfigure.web.servlet.WebDriverContextCustomizerFactory$Customizer@51a85d01, org.springframework.boot.test.context.filter.ExcludeFilterContextCustomizer@4496a256, org.springframework.boot.test.json.DuplicateJsonObjectContextCustomizerFactory$DuplicateJsonObjectContextCustomizer@4a995e8, org.springframework.boot.test.mock.mockito.MockitoContextCustomizer@0, org.springframework.boot.test.web.client.TestRestTemplateContextCustomizer@345fadaa, org.springframework.boot.test.web.reactive.server.WebTestClientContextCustomizer@174bc007], contextLoader = 'org.springframework.boot.test.context.SpringBootContextLoader', parent = [null]], attributes = map[[empty]]], class annotated with @DirtiesContext [false] with mode [null].
17:31:18.636 [Test worker] DEBUG org.springframework.test.annotation.ProfileValueUtils - Retrieved @ProfileValueSourceConfiguration [null] for test class [guru.springframework.spring5webfluxrest.Spring5WebfluxRestApplicationTests]
17:31:18.636 [Test worker] DEBUG org.springframework.test.annotation.ProfileValueUtils - Retrieved ProfileValueSource type [class org.springframework.test.annotation.SystemProfileValueSource] for class [guru.springframework.spring5webfluxrest.Spring5WebfluxRestApplicationTests]
17:31:18.643 [Test worker] DEBUG org.springframework.test.context.support.DependencyInjectionTestExecutionListener - Performing dependency injection for test context [[DefaultTestContext@6ab87856 testClass = Spring5WebfluxRestApplicationTests, testInstance = guru.springframework.spring5webfluxrest.Spring5WebfluxRestApplicationTests@7f7dd040, testMethod = [null], testException = [null], mergedContextConfiguration = [ReactiveWebMergedContextConfiguration@a7d4eff testClass = Spring5WebfluxRestApplicationTests, locations = '{}', classes = '{class guru.springframework.spring5webfluxrest.Spring5WebfluxRestApplication}', contextInitializerClasses = '[]', activeProfiles = '{}', propertySourceLocations = '{}', propertySourceProperties = '{org.springframework.boot.test.context.SpringBootTestContextBootstrapper=true}', contextCustomizers = set[org.springframework.boot.test.autoconfigure.properties.PropertyMappingContextCustomizer@0, org.springframework.boot.test.autoconfigure.web.servlet.WebDriverContextCustomizerFactory$Customizer@51a85d01, org.springframework.boot.test.context.filter.ExcludeFilterContextCustomizer@4496a256, org.springframework.boot.test.json.DuplicateJsonObjectContextCustomizerFactory$DuplicateJsonObjectContextCustomizer@4a995e8, org.springframework.boot.test.mock.mockito.MockitoContextCustomizer@0, org.springframework.boot.test.web.client.TestRestTemplateContextCustomizer@345fadaa, org.springframework.boot.test.web.reactive.server.WebTestClientContextCustomizer@174bc007], contextLoader = 'org.springframework.boot.test.context.SpringBootContextLoader', parent = [null]], attributes = map[[empty]]]].
17:31:18.676 [Test worker] DEBUG org.springframework.test.context.support.TestPropertySourceUtils - Adding inlined properties to environment: {spring.jmx.enabled=false, org.springframework.boot.test.context.SpringBootTestContextBootstrapper=true, server.port=-1}

  .   ____          _            __ _ _
 /\\ / ___'_ __ _ _(_)_ __  __ _ \ \ \ \
( ( )\___ | '_ | '_| | '_ \/ _` | \ \ \ \
 \\/  ___)| |_)| | | | | || (_| |  ) ) ) )
  '  |____| .__|_| |_|_| |_\__, | / / / /
 =========|_|==============|___/=/_/_/_/
 :: Spring Boot ::        (v2.1.0.RELEASE)

2023-08-14 17:31:19.099  INFO 2590 --- [    Test worker] g.s.s.Spring5WebfluxRestApplicationTests : Starting Spring5WebfluxRestApplicationTests on Jamess-MacBook-Pro-3.local with PID 2590 (started by jamessmith in /Users/jamessmith/Projects/upskill/training/spring/content/26-restful-spring-webflux/exercises/spring5-webflux-rest)
2023-08-14 17:31:19.101  INFO 2590 --- [    Test worker] g.s.s.Spring5WebfluxRestApplicationTests : No active profile set, falling back to default profiles: default
2023-08-14 17:31:19.938  INFO 2590 --- [    Test worker] .s.d.r.c.RepositoryConfigurationDelegate : Bootstrapping Spring Data repositories in DEFAULT mode.
2023-08-14 17:31:20.469  INFO 2590 --- [    Test worker] .s.d.r.c.RepositoryConfigurationDelegate : Finished Spring Data repository scanning in 520ms. Found 2 repository interfaces.
2023-08-14 17:31:20.480  INFO 2590 --- [    Test worker] .s.d.r.c.RepositoryConfigurationDelegate : Bootstrapping Spring Data repositories in DEFAULT mode.
2023-08-14 17:31:20.490  INFO 2590 --- [    Test worker] .s.d.r.c.RepositoryConfigurationDelegate : Finished Spring Data repository scanning in 9ms. Found 0 repository interfaces.
2023-08-14 17:31:22.169  INFO 2590 --- [       Thread-6] o.s.b.a.mongo.embedded.EmbeddedMongo     : note: noprealloc may hurt performance in many applications
2023-08-14 17:31:22.177  INFO 2590 --- [       Thread-6] o.s.b.a.mongo.embedded.EmbeddedMongo     : 2023-08-14T17:31:22.176+0100 I CONTROL  [initandlisten] MongoDB starting : pid=2593 port=49231 dbpath=/var/folders/qx/zn5sqks16qn4nvsx28qnmmq00000gn/T/embedmongo-db-0db38be3-cbae-4ba4-93c5-2e770437541e 64-bit host=Jamess-MacBook-Pro-3.local
2023-08-14 17:31:22.177  INFO 2590 --- [       Thread-6] o.s.b.a.mongo.embedded.EmbeddedMongo     : 2023-08-14T17:31:22.176+0100 I CONTROL  [initandlisten] db version v3.5.5
2023-08-14 17:31:22.177  INFO 2590 --- [       Thread-6] o.s.b.a.mongo.embedded.EmbeddedMongo     : 2023-08-14T17:31:22.176+0100 I CONTROL  [initandlisten] git version: 98515c812b6fa893613f063dae568ff8319cbfbd
2023-08-14 17:31:22.177  INFO 2590 --- [       Thread-6] o.s.b.a.mongo.embedded.EmbeddedMongo     : 2023-08-14T17:31:22.176+0100 I CONTROL  [initandlisten] allocator: system
2023-08-14 17:31:22.178  INFO 2590 --- [       Thread-6] o.s.b.a.mongo.embedded.EmbeddedMongo     : 2023-08-14T17:31:22.176+0100 I CONTROL  [initandlisten] modules: none
2023-08-14 17:31:22.178  INFO 2590 --- [       Thread-6] o.s.b.a.mongo.embedded.EmbeddedMongo     : 2023-08-14T17:31:22.176+0100 I CONTROL  [initandlisten] build environment:
2023-08-14 17:31:22.178  INFO 2590 --- [       Thread-6] o.s.b.a.mongo.embedded.EmbeddedMongo     : 2023-08-14T17:31:22.176+0100 I CONTROL  [initandlisten]     distarch: x86_64
2023-08-14 17:31:22.178  INFO 2590 --- [       Thread-6] o.s.b.a.mongo.embedded.EmbeddedMongo     : 2023-08-14T17:31:22.176+0100 I CONTROL  [initandlisten]     target_arch: x86_64
2023-08-14 17:31:22.179  INFO 2590 --- [       Thread-6] o.s.b.a.mongo.embedded.EmbeddedMongo     : 2023-08-14T17:31:22.176+0100 I CONTROL  [initandlisten] options: { net: { bindIp: "127.0.0.1", http: { enabled: false }, port: 49231 }, security: { authorization: "disabled" }, storage: { dbPath: "/var/folders/qx/zn5sqks16qn4nvsx28qnmmq00000gn/T/embedmongo-db-0db38be3-cbae-4ba4-93c5-2e770437541e", journal: { enabled: false }, mmapv1: { preallocDataFiles: false, smallFiles: true }, syncPeriodSecs: 0.0 } }
2023-08-14 17:31:22.179  INFO 2590 --- [       Thread-6] o.s.b.a.mongo.embedded.EmbeddedMongo     : 2023-08-14T17:31:22.177+0100 I STORAGE  [initandlisten] wiredtiger_open config: create,cache_size=3584M,session_max=20000,eviction=(threads_min=4,threads_max=4),config_base=false,statistics=(fast),log=(enabled=true,archive=true,path=journal,compressor=snappy),file_manager=(close_idle_time=100000),checkpoint=(wait=0,log_size=2GB),statistics_log=(wait=0),verbose=(recovery_progress),,log=(enabled=false),
2023-08-14 17:31:22.483  INFO 2590 --- [       Thread-6] o.s.b.a.mongo.embedded.EmbeddedMongo     : 2023-08-14T17:31:22.483+0100 W STORAGE  [initandlisten] Detected configuration for non-active storage engine mmapv1 when current storage engine is wiredTiger
2023-08-14 17:31:22.483  INFO 2590 --- [       Thread-6] o.s.b.a.mongo.embedded.EmbeddedMongo     : 2023-08-14T17:31:22.483+0100 I CONTROL  [initandlisten] 
2023-08-14 17:31:22.484  INFO 2590 --- [       Thread-6] o.s.b.a.mongo.embedded.EmbeddedMongo     : 2023-08-14T17:31:22.483+0100 I CONTROL  [initandlisten] ** NOTE: This is a development version (3.5.5) of MongoDB.
2023-08-14 17:31:22.484  INFO 2590 --- [       Thread-6] o.s.b.a.mongo.embedded.EmbeddedMongo     : 2023-08-14T17:31:22.483+0100 I CONTROL  [initandlisten] **       Not recommended for production.
2023-08-14 17:31:22.484  INFO 2590 --- [       Thread-6] o.s.b.a.mongo.embedded.EmbeddedMongo     : 2023-08-14T17:31:22.483+0100 I CONTROL  [initandlisten] 
2023-08-14 17:31:22.518  INFO 2590 --- [       Thread-6] o.s.b.a.mongo.embedded.EmbeddedMongo     : 2023-08-14T17:31:22.518+0100 I FTDC     [initandlisten] Initializing full-time diagnostic data capture with directory '/var/folders/qx/zn5sqks16qn4nvsx28qnmmq00000gn/T/embedmongo-db-0db38be3-cbae-4ba4-93c5-2e770437541e/diagnostic.data'
2023-08-14 17:31:22.574  INFO 2590 --- [       Thread-6] o.s.b.a.mongo.embedded.EmbeddedMongo     : 2023-08-14T17:31:22.574+0100 I INDEX    [initandlisten] build index on: admin.system.version properties: { v: 2, key: { version: 1 }, name: "incompatible_with_version_32", ns: "admin.system.version" }
2023-08-14 17:31:22.575  INFO 2590 --- [       Thread-6] o.s.b.a.mongo.embedded.EmbeddedMongo     : 2023-08-14T17:31:22.574+0100 I INDEX    [initandlisten] 	 building index using bulk method; build may temporarily use up to 500 megabytes of RAM
2023-08-14 17:31:22.578  INFO 2590 --- [       Thread-6] o.s.b.a.mongo.embedded.EmbeddedMongo     : 2023-08-14T17:31:22.578+0100 I INDEX    [initandlisten] build index done.  scanned 0 total records. 0 secs
2023-08-14 17:31:22.579  INFO 2590 --- [       Thread-6] o.s.b.a.mongo.embedded.EmbeddedMongo     : 2023-08-14T17:31:22.579+0100 I COMMAND  [initandlisten] setting featureCompatibilityVersion to 3.4
2023-08-14 17:31:22.580  INFO 2590 --- [       Thread-6] o.s.b.a.mongo.embedded.EmbeddedMongo     : 2023-08-14T17:31:22.580+0100 I NETWORK  [thread1] waiting for connections on port 49231
2023-08-14 17:31:22.582  INFO 2590 --- [    Test worker] d.f.embed.mongo.MongodExecutable         : start de.flapdoodle.embed.mongo.config.MongodConfigBuilder$ImmutableMongodConfig@64b3303d
2023-08-14 17:31:22.821  INFO 2590 --- [    Test worker] org.mongodb.driver.cluster               : Cluster created with settings {hosts=[localhost:49231], mode=SINGLE, requiredClusterType=UNKNOWN, serverSelectionTimeout='30000 ms', maxWaitQueueSize=500}
2023-08-14 17:31:22.995  INFO 2590 --- [       Thread-6] o.s.b.a.mongo.embedded.EmbeddedMongo     : 2023-08-14T17:31:22.995+0100 I NETWORK  [thread1] connection accepted from 127.0.0.1:49234 #1 (1 connection now open)
2023-08-14 17:31:23.116  INFO 2590 --- [       Thread-6] o.s.b.a.mongo.embedded.EmbeddedMongo     : 2023-08-14T17:31:23.116+0100 I NETWORK  [conn1] received client metadata from 127.0.0.1:49234 conn1: { driver: { name: "mongo-java-driver|mongo-java-driver-reactivestreams", version: "3.8.2|1.9.2" }, os: { type: "Darwin", name: "Mac OS X", architecture: "x86_64", version: "10.16" }, platform: "Java/Oracle Corporation/1.8.0_202-b08" }
2023-08-14 17:31:23.150  INFO 2590 --- [localhost:49231] org.mongodb.driver.connection            : Opened connection [connectionId{localValue:1, serverValue:1}] to localhost:49231
2023-08-14 17:31:23.154  INFO 2590 --- [localhost:49231] org.mongodb.driver.cluster               : Monitor thread successfully connected to server with description ServerDescription{address=localhost:49231, type=STANDALONE, state=CONNECTED, ok=true, version=ServerVersion{versionList=[3, 5, 5]}, minWireVersion=0, maxWireVersion=5, maxDocumentSize=16777216, logicalSessionTimeoutMinutes=null, roundTripTimeNanos=2828328}
2023-08-14 17:31:23.246  INFO 2590 --- [    Test worker] org.mongodb.driver.cluster               : Cluster created with settings {hosts=[localhost:49231], mode=MULTIPLE, requiredClusterType=UNKNOWN, serverSelectionTimeout='30000 ms', maxWaitQueueSize=500}
2023-08-14 17:31:23.247  INFO 2590 --- [    Test worker] org.mongodb.driver.cluster               : Adding discovered server localhost:49231 to client view of cluster
2023-08-14 17:31:23.253  INFO 2590 --- [       Thread-6] o.s.b.a.mongo.embedded.EmbeddedMongo     : 2023-08-14T17:31:23.253+0100 I NETWORK  [thread1] connection accepted from 127.0.0.1:49235 #2 (2 connections now open)
2023-08-14 17:31:23.256  INFO 2590 --- [       Thread-6] o.s.b.a.mongo.embedded.EmbeddedMongo     : 2023-08-14T17:31:23.256+0100 I NETWORK  [conn2] received client metadata from 127.0.0.1:49235 conn2: { driver: { name: "mongo-java-driver", version: "3.8.2" }, os: { type: "Darwin", name: "Mac OS X", architecture: "x86_64", version: "10.16" }, platform: "Java/Oracle Corporation/1.8.0_202-b08" }
2023-08-14 17:31:23.260  INFO 2590 --- [localhost:49231] org.mongodb.driver.connection            : Opened connection [connectionId{localValue:2, serverValue:2}] to localhost:49231
2023-08-14 17:31:23.261  INFO 2590 --- [localhost:49231] org.mongodb.driver.cluster               : Monitor thread successfully connected to server with description ServerDescription{address=localhost:49231, type=STANDALONE, state=CONNECTED, ok=true, version=ServerVersion{versionList=[3, 5, 5]}, minWireVersion=0, maxWireVersion=5, maxDocumentSize=16777216, logicalSessionTimeoutMinutes=null, roundTripTimeNanos=788700}
2023-08-14 17:31:23.262  INFO 2590 --- [localhost:49231] org.mongodb.driver.cluster               : Discovered cluster type of STANDALONE
2023-08-14 17:31:23.831  WARN 2590 --- [    Test worker] reactor.netty.tcp.TcpResources           : [http] resources will use the default LoopResources: DefaultLoopResources {prefix=reactor-http, daemon=true, selectCount=4, workerCount=4}
2023-08-14 17:31:23.831  WARN 2590 --- [    Test worker] reactor.netty.tcp.TcpResources           : [http] resources will use the default ConnectionProvider: PooledConnectionProvider {name=http, poolFactory=reactor.netty.resources.ConnectionProvider$$Lambda$427/1212728116@60227bb9}
2023-08-14 17:31:25.106  INFO 2590 --- [    Test worker] g.s.s.Spring5WebfluxRestApplicationTests : Started Spring5WebfluxRestApplicationTests in 6.419 seconds (JVM running for 7.593)
2023-08-14 17:31:25.187  INFO 2590 --- [       Thread-6] o.s.b.a.mongo.embedded.EmbeddedMongo     : 2023-08-14T17:31:25.187+0100 I NETWORK  [thread1] connection accepted from 127.0.0.1:49236 #3 (3 connections now open)
2023-08-14 17:31:25.193  INFO 2590 --- [       Thread-6] o.s.b.a.mongo.embedded.EmbeddedMongo     : 2023-08-14T17:31:25.193+0100 I NETWORK  [conn3] received client metadata from 127.0.0.1:49236 conn3: { driver: { name: "mongo-java-driver|mongo-java-driver-reactivestreams", version: "3.8.2|1.9.2" }, os: { type: "Darwin", name: "Mac OS X", architecture: "x86_64", version: "10.16" }, platform: "Java/Oracle Corporation/1.8.0_202-b08" }
2023-08-14 17:31:25.208  INFO 2590 --- [ntLoopGroup-2-2] org.mongodb.driver.connection            : Opened connection [connectionId{localValue:3, serverValue:3}] to localhost:49231
#### LOADING DATA ON BOOTSTRAP #####
Loaded Categories: 5
Loaded Vendors: 5
]]></system-out>
  <system-err><![CDATA[]]></system-err>
</testsuite>
