<?xml version="1.0" encoding="UTF-8"?>
<testsuite name="guru.springframework.spring5webfluxrest.controllers.VendorControllerTest" tests="6" skipped="0" failures="0" errors="0" timestamp="2023-08-14T16:31:27" hostname="Jamess-MacBook-Pro-3.local" time="0.403">
  <properties/>
  <testcase name="testCreateVendor" classname="guru.springframework.spring5webfluxrest.controllers.VendorControllerTest" time="0.151"/>
  <testcase name="getById" classname="guru.springframework.spring5webfluxrest.controllers.VendorControllerTest" time="0.059"/>
  <testcase name="list" classname="guru.springframework.spring5webfluxrest.controllers.VendorControllerTest" time="0.044"/>
  <testcase name="testUpdateVendor" classname="guru.springframework.spring5webfluxrest.controllers.VendorControllerTest" time="0.047"/>
  <testcase name="testPatchVendorWithChanges" classname="guru.springframework.spring5webfluxrest.controllers.VendorControllerTest" time="0.047"/>
  <testcase name="testPatchVendorWithoutChanges" classname="guru.springframework.spring5webfluxrest.controllers.VendorControllerTest" time="0.048"/>
  <system-out><![CDATA[]]></system-out>
  <system-err><![CDATA[]]></system-err>
</testsuite>
